5-9-2025 14:58:54 - verbose: Arguments:
5-9-2025 14:58:54 - verbose:   /Applications/Cocos/Creator/3.7.4/CocosCreator.app/Contents/MacOS/CocosCreator: true
5-9-2025 14:58:54 - verbose:   project: /Users/ADMIN/Desktop/DropIt_Cocos/DropIt/DropIt_Cocos
5-9-2025 14:58:54 - verbose:   can-show-upgrade-dialog: true
5-9-2025 14:58:54 - verbose:   dev: false
5-9-2025 14:58:54 - verbose:   home: /Users/ADMIN/.CocosCreator
5-9-2025 14:58:54 - verbose:  
5-9-2025 14:58:58 - verbose: [Package] menu@1.0.0 enable
5-9-2025 14:58:58 - verbose: [Package] profile@1.0.0 enable
5-9-2025 14:58:58 - verbose: [Package] project@1.0.4 enable
5-9-2025 14:58:58 - verbose: [Package] messages@1.0.0 enable
5-9-2025 14:58:58 - verbose: [Package] program@1.0.3 enable
5-9-2025 14:58:58 - verbose: [Package] tester@1.0.0 enable
5-9-2025 14:58:58 - verbose: [Package] information@1.0.0 enable
5-9-2025 14:58:58 - verbose: [Package] preferences@1.0.0 enable
5-9-2025 14:58:59 - log: Load engine in /Applications/Cocos/Creator/3.7.4/CocosCreator.app/Contents/Resources/resources/3d/engine
5-9-2025 14:58:59 - log: Profile changed: engine (modules.includeModules: 2d,animation,audio,base,dragon-bones,gfx-webgl,gfx-webgl2,intersection-2d,light-probe,particle-2d,physics-2d-box2d,profiler,spine,tiled-map,tween,ui,video,websocket,webview)
5-9-2025 14:58:59 - log: Register native engine in /Applications/Cocos/Creator/3.7.4/CocosCreator.app/Contents/Resources/resources/3d/engine/native
5-9-2025 14:58:59 - verbose: [Package] engine@1.0.7 enable
5-9-2025 14:59:00 - verbose: [Package] programming@1.0.0 enable
5-9-2025 14:59:00 - verbose: [Package] device@1.0.1 enable
5-9-2025 14:59:00 - verbose: [Package] ui-kit@1.0.1 enable
5-9-2025 14:59:00 - verbose: [Package] asset-db@1.0.0 enable
5-9-2025 14:59:00 - verbose: [Package] scene@1.0.0 enable
5-9-2025 14:59:00 - verbose: [Package] server@1.0.0 enable
5-9-2025 14:59:00 - verbose: [Package] utils@1.0.0 enable
5-9-2025 14:59:02 - verbose: [Package] preview@1.0.1 enable
5-9-2025 14:59:02 - verbose: [Package] animator@1.0.0 enable
5-9-2025 14:59:03 - verbose: [Build-plugin] register pkg scene: 1ms
5-9-2025 14:59:03 - verbose: Builder PluginManager init: 1ms
5-9-2025 14:59:03 - verbose: [Package] builder@1.3.5 enable
5-9-2025 14:59:03 - verbose: [Package] shortcuts@1.0.1 enable
5-9-2025 14:59:03 - verbose: [Package] animation-graph@1.0.0 enable
5-9-2025 14:59:03 - verbose: [Package] about@1.0.0 enable
5-9-2025 14:59:03 - verbose: [Package] assets@1.0.0 enable
5-9-2025 14:59:03 - verbose: [Package] console@1.0.0 enable
5-9-2025 14:59:03 - verbose: [Package] crash-reporter@1.0.0 enable
5-9-2025 14:59:03 - verbose: [Package] extension@3.1.1 enable
5-9-2025 14:59:03 - verbose: [Package] hierarchy@1.0.0 enable
5-9-2025 14:59:03 - verbose: [Package] inspector@1.0.0 enable
5-9-2025 14:59:03 - verbose: [Package] light-probe@1.0.4 enable
5-9-2025 14:59:03 - verbose: [Package] lightmap@1.0.4 enable
5-9-2025 14:59:03 - verbose: [Package] node-library@1.0.1 enable
5-9-2025 14:59:03 - verbose: [Package] package-asset@1.0.1 enable
5-9-2025 14:59:03 - verbose: [Package] process@1.0.0 enable
5-9-2025 14:59:03 - verbose: [Package] reference-image@1.0.0 enable
5-9-2025 14:59:03 - verbose: [Package] reflection-probe@1.0.4 enable
5-9-2025 14:59:03 - verbose: [Package] engine-extends@1.0.0 enable
5-9-2025 14:59:03 - verbose: [Package] alipay-mini-game@1.0.1 enable
5-9-2025 14:59:03 - verbose: [Package] android@1.0.1 enable
5-9-2025 14:59:03 - verbose: [Package] bytedance-mini-game@1.0.2 enable
5-9-2025 14:59:03 - verbose: [Package] certificate@1.0.0 enable
5-9-2025 14:59:03 - verbose: [Package] channel-upload-tools@1.0.0 enable
5-9-2025 14:59:03 - verbose: [Package] fb-instant-games@1.0.0 enable
5-9-2025 14:59:03 - verbose: [Package] huawei-agc@1.0.0 enable
5-9-2025 14:59:03 - verbose: [Package] huawei-quick-game@1.0.1 enable
5-9-2025 14:59:04 - verbose: [Package] ios@1.0.0 enable
5-9-2025 14:59:04 - verbose: [Package] linux@1.0.0 enable
5-9-2025 14:59:04 - verbose: [Package] mac@1.0.0 enable
5-9-2025 14:59:04 - verbose: [Build-plugin] register pkg android: 383ms
5-9-2025 14:59:04 - verbose: [Package] native@1.0.2 enable
5-9-2025 14:59:04 - verbose: [Build-plugin] register pkg native: 18ms
5-9-2025 14:59:04 - verbose: [Package] ohos@1.0.0 enable
5-9-2025 14:59:04 - verbose: [Build-plugin] register pkg bytedance-mini-game: 411ms
5-9-2025 14:59:04 - verbose: [Package] open-harmonyos@1.0.0 enable
5-9-2025 14:59:04 - verbose: [Package] oppo-mini-game@1.0.1 enable
5-9-2025 14:59:04 - verbose: [Package] runtime-dev-tools@1.0.0 enable
5-9-2025 14:59:04 - verbose: [Build-plugin] register pkg ios: 196ms
5-9-2025 14:59:04 - verbose: [Package] taobao-creative-app@1.0.0 enable
5-9-2025 14:59:04 - verbose: [Build-plugin] register pkg fb-instant-games: 444ms
5-9-2025 14:59:04 - verbose: [Package] taobao-mini-game@1.0.0 enable
5-9-2025 14:59:04 - verbose: [Package] vivo-mini-game@1.0.1 enable
5-9-2025 14:59:04 - verbose: [Package] web-desktop@1.0.1 enable
5-9-2025 14:59:04 - verbose: [Package] web-mobile@1.0.1 enable
5-9-2025 14:59:04 - verbose: [Package] wechatgame@1.0.2 enable
5-9-2025 14:59:04 - verbose: [Build-plugin] register pkg huawei-agc: 536ms
5-9-2025 14:59:04 - verbose: [Package] wechatprogram@1.0.2 enable
5-9-2025 14:59:04 - verbose: [Build-plugin] register pkg oppo-mini-game: 215ms
5-9-2025 14:59:04 - verbose: [Package] windows@1.0.1 enable
5-9-2025 14:59:04 - verbose: [Package] xiaomi-quick-game@1.0.1 enable
5-9-2025 14:59:04 - verbose: [Package] cocos-service@3.0.7 enable
5-9-2025 14:59:04 - verbose: [Build-plugin] register pkg cocos-service: 16ms
5-9-2025 14:59:04 - verbose: [Build-plugin] register pkg taobao-mini-game: 309ms
5-9-2025 14:59:04 - verbose: [Build-plugin] register pkg web-desktop: 257ms
5-9-2025 14:59:04 - verbose: asset-db is ready!
5-9-2025 14:59:04 - verbose: [Package] im-plugin@3.0.12 enable
5-9-2025 14:59:04 - verbose: [Build-plugin] register pkg mac: 609ms
5-9-2025 14:59:04 - verbose: [Build-plugin] register pkg ohos: 536ms
5-9-2025 14:59:04 - verbose: [Package] placeholder@1.0.0 enable
5-9-2025 14:59:04 - verbose: [Build-plugin] register pkg wechatgame: 411ms
5-9-2025 14:59:04 - verbose: [Build-plugin] register pkg taobao-creative-app: 643ms
5-9-2025 14:59:04 - verbose: [Build-plugin] register pkg web-mobile: 580ms
5-9-2025 14:59:05 - verbose: [Build-plugin] register pkg vivo-mini-game: 703ms
5-9-2025 14:59:05 - verbose: [Build-plugin] register pkg windows: 725ms
5-9-2025 14:59:05 - verbose: [Build-plugin] register pkg xiaomi-quick-game: 784ms
5-9-2025 14:59:05 - verbose: [Build-plugin] register pkg huawei-quick-game: 1651ms
5-9-2025 14:59:06 - info: [Scene] [Physics][Bullet]: Using asmjs Bullet libs.
5-9-2025 14:59:06 - info: [Scene] [PHYSICS]: using builtin.
5-9-2025 14:59:06 - log: [Scene] Cocos Creator v3.7.4
5-9-2025 14:59:06 - info: [Scene] Forward render pipeline initialized.
5-9-2025 14:59:06 - info: [Scene] [PHYSICS2D]: switch from builtin to box2d.
5-9-2025 15:00:43 - log: [Window] Deprecated as of 10.7.0. highlight(lang, code, ...args) has been deprecated.
5-9-2025 15:00:43 - log: [Window] Deprecated as of 10.7.0. Please use highlight(code, options) instead.
https://github.com/highlightjs/highlight.js/issues/2277
5-9-2025 15:00:43 - warn: Please set the application in Preferences -> External Programs -> Default Script Editor to better open the script
